<?xml version="1.0" encoding="UTF-8"?>
<testng-results skipped="0" failed="0" total="1" passed="1">
  <reporter-output>
  </reporter-output>
  <suite name="Default suite" duration-ms="71640" started-at="2019-05-05T16:20:14Z" finished-at="2019-05-05T16:21:25Z">
    <groups>
    </groups>
    <test name="Default test" duration-ms="71640" started-at="2019-05-05T16:20:14Z" finished-at="2019-05-05T16:21:25Z">
      <class name="org.testing.TestCases.Class_TC4">
        <test-method status="PASS" signature="BrowserLaunch()[pri:0, instance:org.testing.TestCases.Class_TC4@66a3ffec]" name="BrowserLaunch" is-config="true" duration-ms="42930" started-at="2019-05-05T21:50:14Z" finished-at="2019-05-05T21:50:57Z">
          <reporter-output>
          </reporter-output>
        </test-method> <!-- BrowserLaunch -->
        <test-method status="PASS" signature="SignInVideoSubscribe()[pri:0, instance:org.testing.TestCases.Class_TC4@66a3ffec]" name="SignInVideoSubscribe" duration-ms="28642" started-at="2019-05-05T21:50:57Z" finished-at="2019-05-05T21:51:25Z">
          <reporter-output>
          </reporter-output>
        </test-method> <!-- SignInVideoSubscribe -->
      </class> <!-- org.testing.TestCases.Class_TC4 -->
    </test> <!-- Default test -->
  </suite> <!-- Default suite -->
</testng-results>
